<?xml version="1.0" encoding="UTF-8"?>
<!-- Generated by org.testng.reporters.JUnitReportReporter -->
<testsuite skipped="0" hostname="LAPTOP-HRS2VRND" name="com.nopcommerce.testcases.TC_AddCustomerTest_003" tests="1" failures="0" timestamp="02 Jun 2020 06:51:42 GMT" time="28.736" errors="0">
  <testcase name="addnewCustomer" time="28.736" classname="com.nopcommerce.testcases.TC_AddCustomerTest_003"/>
</testsuite> <!-- com.nopcommerce.testcases.TC_AddCustomerTest_003 -->
