<?xml version="1.0" encoding="UTF-8"?>
<!-- Generated by org.testng.reporters.JUnitReportReporter -->
<testsuite skipped="0" hostname="LAPTOP-HRS2VRND" name="com.nopcommerce.testcases.TC_SearchCustomer_004" tests="1" failures="0" timestamp="02 Jun 2020 06:51:42 GMT" time="17.823" errors="0">
  <testcase name="searchCustomerByEmail" time="17.823" classname="com.nopcommerce.testcases.TC_SearchCustomer_004"/>
</testsuite> <!-- com.nopcommerce.testcases.TC_SearchCustomer_004 -->
