<?xml version="1.0" encoding="UTF-8"?>
<!-- Generated by org.testng.reporters.JUnitReportReporter -->
<testsuite skipped="0" hostname="LAPTOP-HRS2VRND" name="com.nopcommerce.testcases.TC_Login_DDT_002" tests="4" failures="0" timestamp="01 Jun 2020 19:56:50 GMT" time="33.284" errors="0">
  <testcase name="loginTest" time="15.215" classname="com.nopcommerce.testcases.TC_Login_DDT_002"/>
  <testcase name="loginTest" time="5.965" classname="com.nopcommerce.testcases.TC_Login_DDT_002"/>
  <testcase name="loginTest" time="6.046" classname="com.nopcommerce.testcases.TC_Login_DDT_002"/>
  <testcase name="loginTest" time="6.058" classname="com.nopcommerce.testcases.TC_Login_DDT_002"/>
</testsuite> <!-- com.nopcommerce.testcases.TC_Login_DDT_002 -->
