<?xml version="1.0" encoding="UTF-8"?>
<!-- Generated by org.testng.reporters.JUnitReportReporter -->
<testsuite skipped="0" hostname="LAPTOP-HRS2VRND" name="com.nopcommerce.testcases.TC_LoginTest_001" tests="1" failures="0" timestamp="02 Jun 2020 17:41:08 GMT" time="7.281" errors="0">
  <testcase name="loginTest" time="7.281" classname="com.nopcommerce.testcases.TC_LoginTest_001"/>
</testsuite> <!-- com.nopcommerce.testcases.TC_LoginTest_001 -->
